<?xml version="1.0" encoding="UTF-8"?>
<!-- Generated by org.testng.reporters.JUnitReportReporter -->
<testsuite hostname="Sumi" failures="0" tests="4" name="runnerClass.RunnerClass" time="46.999" errors="0" timestamp="2025-03-15T16:09:58 IST" skipped="0">
  <testcase classname="runnerClass.RunnerClass" name="runScenario" time="13.181"/>
  <system-out/>
  <testcase classname="runnerClass.RunnerClass" name="runScenario" time="11.969"/>
  <system-out/>
  <testcase classname="runnerClass.RunnerClass" name="runScenario" time="13.816"/>
  <system-out/>
  <testcase classname="runnerClass.RunnerClass" name="runScenario" time="8.033"/>
  <system-out/>
</testsuite> <!-- runnerClass.RunnerClass -->
